20:48:41 **** Incremental Build of configuration Debug for project STM32WobbleBoard ****
make -j8 all 
arm-none-eabi-gcc "../Core/Src/main.c" -mcpu=cortex-m33 -std=gnu11 -g3 -DDEBUG -DUSE_HAL_DRIVER -DSTM32U585xx -c -I../Core/Inc -I../Drivers/STM32U5xx_HAL_Driver/Inc -I../Drivers/STM32U5xx_HAL_Driver/Inc/Legacy -I../Drivers/CMSIS/Device/ST/STM32U5xx/Include -I../Drivers/CMSIS/Include -O0 -ffunction-sections -fdata-sections -Wall -fstack-usage -MMD -MP -MF"Core/Src/main.d" -MT"Core/Src/main.o" --specs=nano.specs -mfpu=fpv5-sp-d16 -mfloat-abi=hard -mthumb -o "Core/Src/main.o"
../Core/Src/main.c: In function 'HAL_GPIO_EXTI_Rising_Callback':
../Core/Src/main.c:188:39: warning: implicit declaration of function 'strlen' [-Wimplicit-function-declaration]
  188 |   uint16_t iMessageLength = (uint16_t)strlen(cMessage);
      |                                       ^~~~~~
../Core/Src/main.c:188:39: warning: incompatible implicit declaration of built-in function 'strlen'
../Core/Src/main.c:23:1: note: include '<string.h>' or provide a declaration of 'strlen'
   22 | #include "gpio.h"
  +++ |+#include <string.h>
   23 | 
../Core/Src/main.c:188:46: warning: pointer targets in passing argument 1 of 'strlen' differ in signedness [-Wpointer-sign]
  188 |   uint16_t iMessageLength = (uint16_t)strlen(cMessage);
      |                                              ^~~~~~~~
      |                                              |
      |                                              uint8_t * {aka unsigned char *}
../Core/Src/main.c:188:46: note: expected 'const char *' but argument is of type 'uint8_t *' {aka 'unsigned char *'}
arm-none-eabi-g++ -o "STM32WobbleBoard.elf" @"objects.list"   -mcpu=cortex-m33 -T"C:\Users\Beca Vessal\Documents\STM32WobbleBoard\STM32WobbleBoard\STM32U585AIIXQ_FLASH.ld" --specs=nosys.specs -Wl,-Map="STM32WobbleBoard.map" -Wl,--gc-sections -static --specs=nano.specs -mfpu=fpv5-sp-d16 -mfloat-abi=hard -mthumb -Wl,--start-group -lc -lm -lstdc++ -lsupc++ -Wl,--end-group
Finished building target: STM32WobbleBoard.elf
 
arm-none-eabi-size   STM32WobbleBoard.elf 
arm-none-eabi-objdump -h -S  STM32WobbleBoard.elf  > "STM32WobbleBoard.list"
arm-none-eabi-objcopy  -O binary  STM32WobbleBoard.elf  "STM32WobbleBoard.bin"
   text	   data	    bss	    dec	    hex	filename
  22488	     17	   1716	  24221	   5e9d	STM32WobbleBoard.elf
Finished building: default.size.stdout
 
Finished building: STM32WobbleBoard.bin
 
Finished building: STM32WobbleBoard.list
 

20:48:42 Build Finished. 0 errors, 3 warnings. (took 1s.107ms)

